<?xml version="1.0" encoding="UTF-8"?>
<testsuites name="Mocha Tests" time="0.806" tests="9" failures="0">
  <testsuite name="Root Suite" timestamp="2018-04-04T18:24:31" tests="0" failures="0" time="0">
  </testsuite>
  <testsuite name="Entity instantion" timestamp="2018-04-04T18:24:31" tests="2" file="D:\Work\Projekty\UniMapperJS_TS\test\10_entityInstanceCreationTest.js" failures="0" time="0.746">
    <testcase name="Entity instantion Should be created" time="0" classname="Should be created">
    </testcase>
    <testcase name="Entity instantion Should be able to create 2M instances under 1 second" time="0.746" classname="Should be able to create 2M instances under 1 second">
    </testcase>
  </testsuite>
  <testsuite name="Migration" timestamp="2018-04-04T18:24:32" tests="4" file="D:\Work\Projekty\UniMapperJS_TS\test\20_migrateTest.js" failures="0" time="0.059000000000000004">
    <testcase name="Migration Can be generated" time="0.056" classname="Can be generated">
    </testcase>
    <testcase name="Migration Can be performed" time="0.003" classname="Can be performed">
    </testcase>
    <testcase name="Migration Is generated correctly" time="0" classname="Is generated correctly">
    </testcase>
    <testcase name="Migration Is performed correctly" time="0" classname="Is performed correctly">
    </testcase>
  </testsuite>
  <testsuite name="Domain" timestamp="2018-04-04T18:24:32" tests="2" file="D:\Work\Projekty\UniMapperJS_TS\test\5_domainTest.js" failures="0" time="0">
    <testcase name="Domain Can be instantiated" time="0" classname="Can be instantiated">
    </testcase>
    <testcase name="Domain Can create and close connection" time="0" classname="Can create and close connection">
    </testcase>
  </testsuite>
  <testsuite name="Domain" timestamp="2018-04-04T18:24:32" tests="1" file="D:\Work\Projekty\UniMapperJS_TS\test\900_domainDisposeTest.js" failures="0" time="0.001">
    <testcase name="Domain Can be disposed" time="0.001" classname="Can be disposed">
    </testcase>
  </testsuite>
</testsuites>